TN:
SF:src/index.js
FN:26,(anonymous_0)
FN:33,(anonymous_1)
FN:55,(anonymous_2)
FN:72,(anonymous_3)
FN:92,(anonymous_4)
FN:104,(anonymous_5)
FN:110,(anonymous_6)
FN:113,(anonymous_7)
FN:137,(anonymous_8)
FN:142,(anonymous_9)
FN:145,(anonymous_10)
FN:149,(anonymous_11)
FN:150,(anonymous_12)
FN:151,(anonymous_13)
FN:167,(anonymous_14)
FN:169,(anonymous_15)
FN:174,(anonymous_16)
FN:199,(anonymous_17)
FN:201,(anonymous_18)
FN:202,(anonymous_19)
FN:222,(anonymous_20)
FN:225,(anonymous_21)
FN:233,(anonymous_22)
FN:266,(anonymous_23)
FN:288,(anonymous_24)
FN:310,(anonymous_25)
FN:320,(anonymous_26)
FN:341,(anonymous_27)
FN:344,(anonymous_28)
FN:347,(anonymous_29)
FN:368,(anonymous_30)
FN:377,(anonymous_31)
FN:379,(anonymous_32)
FN:387,(anonymous_33)
FN:390,(anonymous_34)
FN:396,(anonymous_35)
FN:397,(anonymous_36)
FN:408,(anonymous_37)
FN:409,(anonymous_38)
FN:420,(anonymous_39)
FN:423,(anonymous_40)
FN:424,(anonymous_41)
FN:425,(anonymous_42)
FN:441,(anonymous_43)
FN:445,(anonymous_44)
FN:451,(anonymous_45)
FN:452,(anonymous_46)
FN:471,(anonymous_47)
FN:473,(anonymous_48)
FN:488,(anonymous_49)
FN:501,(anonymous_50)
FN:513,(anonymous_51)
FN:519,(anonymous_52)
FN:524,(anonymous_53)
FN:532,(anonymous_54)
FNF:55
FNH:46
FNDA:1,(anonymous_0)
FNDA:2,(anonymous_1)
FNDA:4,(anonymous_2)
FNDA:1,(anonymous_3)
FNDA:1,(anonymous_4)
FNDA:1,(anonymous_5)
FNDA:1,(anonymous_6)
FNDA:1,(anonymous_7)
FNDA:2,(anonymous_8)
FNDA:2,(anonymous_9)
FNDA:2,(anonymous_10)
FNDA:2,(anonymous_11)
FNDA:2,(anonymous_12)
FNDA:2,(anonymous_13)
FNDA:2,(anonymous_14)
FNDA:2,(anonymous_15)
FNDA:0,(anonymous_16)
FNDA:0,(anonymous_17)
FNDA:0,(anonymous_18)
FNDA:0,(anonymous_19)
FNDA:3,(anonymous_20)
FNDA:3,(anonymous_21)
FNDA:1,(anonymous_22)
FNDA:1,(anonymous_23)
FNDA:1,(anonymous_24)
FNDA:0,(anonymous_25)
FNDA:0,(anonymous_26)
FNDA:1,(anonymous_27)
FNDA:1,(anonymous_28)
FNDA:1,(anonymous_29)
FNDA:6,(anonymous_30)
FNDA:4,(anonymous_31)
FNDA:4,(anonymous_32)
FNDA:6,(anonymous_33)
FNDA:6,(anonymous_34)
FNDA:2,(anonymous_35)
FNDA:4,(anonymous_36)
FNDA:0,(anonymous_37)
FNDA:0,(anonymous_38)
FNDA:7,(anonymous_39)
FNDA:5,(anonymous_40)
FNDA:7,(anonymous_41)
FNDA:5,(anonymous_42)
FNDA:3,(anonymous_43)
FNDA:3,(anonymous_44)
FNDA:3,(anonymous_45)
FNDA:3,(anonymous_46)
FNDA:2,(anonymous_47)
FNDA:2,(anonymous_48)
FNDA:2,(anonymous_49)
FNDA:2,(anonymous_50)
FNDA:2,(anonymous_51)
FNDA:0,(anonymous_52)
FNDA:1,(anonymous_53)
FNDA:1,(anonymous_54)
DA:2,1
DA:3,1
DA:4,1
DA:5,1
DA:7,1
DA:8,1
DA:9,1
DA:10,1
DA:12,1
DA:13,1
DA:15,1
DA:27,1
DA:28,1
DA:29,1
DA:30,1
DA:31,1
DA:33,2
DA:37,1
DA:38,1
DA:39,1
DA:40,1
DA:56,4
DA:57,4
DA:73,1
DA:93,1
DA:94,0
DA:97,1
DA:98,0
DA:101,1
DA:103,1
DA:105,1
DA:111,1
DA:114,1
DA:115,0
DA:117,1
DA:138,2
DA:139,2
DA:140,2
DA:141,2
DA:143,2
DA:146,2
DA:147,2
DA:149,2
DA:150,2
DA:152,2
DA:153,2
DA:168,2
DA:170,2
DA:172,0
DA:175,0
DA:179,0
DA:184,2
DA:200,0
DA:202,0
DA:203,0
DA:223,3
DA:224,3
DA:226,3
DA:229,0
DA:234,1
DA:236,1
DA:237,0
DA:239,1
DA:241,1
DA:242,0
DA:244,1
DA:245,1
DA:246,1
DA:248,0
DA:267,1
DA:269,1
DA:271,1
DA:273,1
DA:275,1
DA:289,1
DA:290,1
DA:293,1
DA:294,1
DA:298,0
DA:299,1
DA:311,0
DA:319,0
DA:321,0
DA:342,1
DA:343,1
DA:345,1
DA:348,1
DA:349,0
DA:351,1
DA:352,1
DA:353,1
DA:369,6
DA:370,6
DA:371,0
DA:376,6
DA:377,6
DA:378,4
DA:381,4
DA:388,6
DA:391,6
DA:392,6
DA:397,4
DA:409,0
DA:421,7
DA:422,7
DA:423,7
DA:425,7
DA:426,5
DA:429,7
DA:442,3
DA:443,3
DA:445,3
DA:446,3
DA:452,3
DA:453,3
DA:454,3
DA:456,3
DA:457,3
DA:459,0
DA:472,2
DA:474,2
DA:490,2
DA:491,2
DA:502,2
DA:503,2
DA:514,2
DA:515,2
DA:520,0
DA:521,0
DA:525,1
DA:526,1
DA:527,1
DA:528,1
DA:532,1
DA:533,1
DA:534,1
DA:537,1
LF:137
LH:114
BRDA:28,0,0,1
BRDA:28,0,1,1
BRDA:29,1,0,0
BRDA:29,1,1,1
BRDA:37,2,0,1
BRDA:37,2,1,0
BRDA:93,3,0,0
BRDA:93,3,1,1
BRDA:97,4,0,0
BRDA:97,4,1,1
BRDA:114,5,0,0
BRDA:114,5,1,1
BRDA:170,6,0,0
BRDA:170,6,1,2
BRDA:175,7,0,0
BRDA:175,7,1,0
BRDA:179,8,0,0
BRDA:179,8,1,0
BRDA:236,9,0,0
BRDA:236,9,1,1
BRDA:241,10,0,0
BRDA:241,10,1,1
BRDA:293,11,0,1
BRDA:293,11,1,0
BRDA:310,12,0,0
BRDA:348,13,0,0
BRDA:348,13,1,1
BRDA:368,14,0,2
BRDA:370,15,0,0
BRDA:370,15,1,6
BRDA:422,16,0,7
BRDA:422,16,1,0
BRDA:456,17,0,3
BRDA:456,17,1,0
BRDA:456,18,0,3
BRDA:456,18,1,3
BRDA:526,19,0,1
BRDA:526,19,1,0
BRF:38
BRH:19
end_of_record
